<?xml version="1.0" encoding="UTF-8"?>
<testsuite xmlns:xsi="http://www.w3.org/2001/XMLSchema-instance" xsi:noNamespaceSchemaLocation="https://maven.apache.org/surefire/maven-surefire-plugin/xsd/surefire-test-report.xsd" name="Runner.EtsyRunner" time="30.867" tests="9" errors="0" skipped="0" failures="2">
  <properties>
[...]
</properties>
  <testcase name="Validation of Search in Etsy1" classname="Validate search in Etsy" time="11.022"/>
  <testcase name="Validation of Search in Etsy1" classname="Validate search in Etsy" time="2.821"/>
  <testcase name="Validation of Search in Etsy1" classname="Validate search in Etsy" time="2.983"/>
  <testcase name="Validation of Search in Etsy1" classname="Validate search in Etsy" time="3.347"/>
  <testcase name="Validation of Search in Etsy2" classname="Validate search in Etsy" time="2.342"/>
  <testcase name="Validation of Search in Etsy3" classname="Validate search in Etsy" time="2.768"/>
  <testcase name="Validation of Search in DuckDuckGo" classname="DuckDuckGo search testing" time="2.246">
    <failure type="java.lang.AssertionError">java.lang.AssertionError
</failure>
    <system-out><![CDATA[
Scenario Outline: Validation of Search in DuckDuckGo             &amp#27;[90m# src/test/resources/com.duckduckgo/SearchBoxText.feature:12&amp#27;[0m
This one will run before each scenario
Validation of Search in DuckDuckGo
  &amp#27;[32mGiven &amp#27;[0m&amp#27;[32mthe user goes to the duckduckgo&amp#27;[0m                          &amp#27;[90m# StepDefinitions.com.DuckDuckGo.SearchBox.the_user_goes_to_the_duckduckgo()&amp#27;[0m
  &amp#27;[32mWhen &amp#27;[0m&amp#27;[32mthe user send the &amp#27;[0m&amp#27;[32m&amp#27;[1m"selenium"&amp#27;[0m&amp#27;[32m keyword&amp#27;[0m                      &amp#27;[90m# StepDefinitions.com.DuckDuckGo.SearchBox.the_user_send_the_keyword(java.lang.String)&amp#27;[0m
  &amp#27;[32mThen &amp#27;[0m&amp#27;[32mthe user click search button&amp#27;[0m                              &amp#27;[90m# StepDefinitions.com.DuckDuckGo.SearchBox.the_user_click_search_button()&amp#27;[0m
  &amp#27;[32mAnd &amp#27;[0m&amp#27;[32mthe user validate title contains the &amp#27;[0m&amp#27;[32m&amp#27;[1m"selenium"&amp#27;[0m&amp#27;[32m keyword&amp#27;[0m    &amp#27;[90m# StepDefinitions.com.DuckDuckGo.SearchBox.the_user_validate_title_contains_the_keyword(java.lang.String)&amp#27;[0m
  &amp#27;[32mAnd &amp#27;[0m&amp#27;[32mthe user validate url contains the &amp#27;[0m&amp#27;[32m&amp#27;[1m"selenium"&amp#27;[0m&amp#27;[32m keyword&amp#27;[0m      &amp#27;[90m# StepDefinitions.com.DuckDuckGo.SearchBox.the_user_validate_url_contains_the_keyword(java.lang.String)&amp#27;[0m
  &amp#27;[31m* &amp#27;[0m&amp#27;[31mthe user validate all results contain the &amp#27;[0m&amp#27;[31m&amp#27;[1m"Selenium"&amp#27;[0m&amp#27;[31m keyword&amp#27;[0m &amp#27;[90m# StepDefinitions.com.DuckDuckGo.SearchBox.the_user_validate_all_results_contain_the_keyword(java.lang.String)&amp#27;[0m
      &amp#27;[31mjava.lang.AssertionError
	at org.junit.Assert.fail(Assert.java:87)
	at org.junit.Assert.assertTrue(Assert.java:42)
	at org.junit.Assert.assertTrue(Assert.java:53)
	at StepDefinitions.com.DuckDuckGo.SearchBox.the_user_validate_all_results_contain_the_keyword(SearchBox.java:47)
	at ?.the user validate all results contain the "Selenium" keyword(file:///C:/Users/12242/IdeaProjects/CucumberBatch4Again/src/test/resources/com.duckduckgo/SearchBoxText.feature:9)
&amp#27;[0m
This will run after each scenario
Failed
]]></system-out>
  </testcase>
  <testcase name="Validation of Search in DuckDuckGo" classname="DuckDuckGo search testing" time="1.497">
    <failure type="java.lang.AssertionError">java.lang.AssertionError
</failure>
    <system-out><![CDATA[
Scenario Outline: Validation of Search in DuckDuckGo         &amp#27;[90m# src/test/resources/com.duckduckgo/SearchBoxText.feature:13&amp#27;[0m
This one will run before each scenario
Validation of Search in DuckDuckGo
  &amp#27;[32mGiven &amp#27;[0m&amp#27;[32mthe user goes to the duckduckgo&amp#27;[0m                      &amp#27;[90m# StepDefinitions.com.DuckDuckGo.SearchBox.the_user_goes_to_the_duckduckgo()&amp#27;[0m
  &amp#27;[32mWhen &amp#27;[0m&amp#27;[32mthe user send the &amp#27;[0m&amp#27;[32m&amp#27;[1m"TestNG"&amp#27;[0m&amp#27;[32m keyword&amp#27;[0m                    &amp#27;[90m# StepDefinitions.com.DuckDuckGo.SearchBox.the_user_send_the_keyword(java.lang.String)&amp#27;[0m
  &amp#27;[32mThen &amp#27;[0m&amp#27;[32mthe user click search button&amp#27;[0m                          &amp#27;[90m# StepDefinitions.com.DuckDuckGo.SearchBox.the_user_click_search_button()&amp#27;[0m
  &amp#27;[32mAnd &amp#27;[0m&amp#27;[32mthe user validate title contains the &amp#27;[0m&amp#27;[32m&amp#27;[1m"TestNG"&amp#27;[0m&amp#27;[32m keyword&amp#27;[0m  &amp#27;[90m# StepDefinitions.com.DuckDuckGo.SearchBox.the_user_validate_title_contains_the_keyword(java.lang.String)&amp#27;[0m
  &amp#27;[32mAnd &amp#27;[0m&amp#27;[32mthe user validate url contains the &amp#27;[0m&amp#27;[32m&amp#27;[1m"Test"&amp#27;[0m&amp#27;[32m keyword&amp#27;[0m      &amp#27;[90m# StepDefinitions.com.DuckDuckGo.SearchBox.the_user_validate_url_contains_the_keyword(java.lang.String)&amp#27;[0m
  &amp#27;[31m* &amp#27;[0m&amp#27;[31mthe user validate all results contain the &amp#27;[0m&amp#27;[31m&amp#27;[1m"Test"&amp#27;[0m&amp#27;[31m keyword&amp#27;[0m &amp#27;[90m# StepDefinitions.com.DuckDuckGo.SearchBox.the_user_validate_all_results_contain_the_keyword(java.lang.String)&amp#27;[0m
      &amp#27;[31mjava.lang.AssertionError
	at org.junit.Assert.fail(Assert.java:87)
	at org.junit.Assert.assertTrue(Assert.java:42)
	at org.junit.Assert.assertTrue(Assert.java:53)
	at StepDefinitions.com.DuckDuckGo.SearchBox.the_user_validate_all_results_contain_the_keyword(SearchBox.java:47)
	at ?.the user validate all results contain the "Test" keyword(file:///C:/Users/12242/IdeaProjects/CucumberBatch4Again/src/test/resources/com.duckduckgo/SearchBoxText.feature:9)
&amp#27;[0m
This will run after each scenario
Failed
]]></system-out>
  </testcase>
  <testcase name="Validation of Search in DuckDuckGo" classname="DuckDuckGo search testing" time="1.387"/>
</testsuite>